<?xml version="1.0" encoding="UTF-8"?>
<!-- Generated by org.testng.reporters.JUnitReportReporter -->
<testsuite skipped="0" hostname="LAPTOP-B3RPHCVQ" name="test.DublicateCategoryTest" tests="1" failures="0" timestamp="2021-10-16T16:25:03 CDT" time="9.303" errors="0">
  <testcase name="userShouldNotAbleToAddCategory" time="9.303" classname="test.DublicateCategoryTest"/>
  <system-out/>
</testsuite> <!-- test.DublicateCategoryTest -->
